[0904/150916.844:ERROR:process_memory_win.cc(73)] ReadMemory at 0x7ff61d940000 of 64 bytes failed: Only part of a ReadProcessMemory or WriteProcessMemory request was completed. (0x12B)
[0904/150916.845:WARNING:pe_image_reader.cc(340)] could not read dos header from C:\Program Files (x86)\Google\Chrome\Application\chrome.exe
[0904/150916.845:ERROR:process_memory_win.cc(73)] ReadMemory at 0x7fffb6d20000 of 64 bytes failed: Only part of a ReadProcessMemory or WriteProcessMemory request was completed. (0x12B)
[0904/150916.845:WARNING:pe_image_reader.cc(340)] could not read dos header from C:\WINDOWS\SYSTEM32\ntdll.dll
[0904/150916.845:ERROR:process_memory_win.cc(73)] ReadMemory at 0x7fffb5580000 of 64 bytes failed: Only part of a ReadProcessMemory or WriteProcessMemory request was completed. (0x12B)
[0904/150916.845:WARNING:pe_image_reader.cc(340)] could not read dos header from C:\WINDOWS\System32\KERNEL32.DLL
[0904/150916.845:ERROR:process_memory_win.cc(73)] ReadMemory at 0x7fffb4ad0000 of 64 bytes failed: Only part of a ReadProcessMemory or WriteProcessMemory request was completed. (0x12B)
[0904/150916.846:WARNING:pe_image_reader.cc(340)] could not read dos header from C:\WINDOWS\System32\KERNELBASE.dll
[0904/150916.846:ERROR:process_memory_win.cc(73)] ReadMemory at 0x7fffae560000 of 64 bytes failed: Only part of a ReadProcessMemory or WriteProcessMemory request was completed. (0x12B)
[0904/150916.846:WARNING:pe_image_reader.cc(340)] could not read dos header from C:\Program Files (x86)\Google\Chrome\Application\84.0.4147.135\chrome_elf.dll
[0904/150916.846:ERROR:process_memory_win.cc(73)] ReadMemory at 0x7fffacae0000 of 64 bytes failed: Only part of a ReadProcessMemory or WriteProcessMemory request was completed. (0x12B)
[0904/150916.846:WARNING:pe_image_reader.cc(340)] could not read dos header from C:\WINDOWS\SYSTEM32\VERSION.dll
[0904/150916.846:ERROR:process_memory_win.cc(73)] ReadMemory at 0x7fffb60a0000 of 64 bytes failed: Only part of a ReadProcessMemory or WriteProcessMemory request was completed. (0x12B)
[0904/150916.846:WARNING:pe_image_reader.cc(340)] could not read dos header from C:\WINDOWS\System32\msvcrt.dll
[0904/150916.846:ERROR:process_memory_win.cc(73)] ReadMemory at 0x7fffb4a50000 of 64 bytes failed: Only part of a ReadProcessMemory or WriteProcessMemory request was completed. (0x12B)
[0904/150916.846:WARNING:pe_image_reader.cc(340)] could not read dos header from C:\WINDOWS\System32\bcryptPrimitives.dll
[0904/150916.846:ERROR:process_memory_win.cc(73)] ReadMemory at 0x7fffb5410000 of 64 bytes failed: Only part of a ReadProcessMemory or WriteProcessMemory request was completed. (0x12B)
[0904/150916.846:WARNING:pe_image_reader.cc(340)] could not read dos header from C:\WINDOWS\System32\ADVAPI32.dll
[0904/150916.846:ERROR:process_memory_win.cc(73)] ReadMemory at 0x7fffb54c0000 of 64 bytes failed: Only part of a ReadProcessMemory or WriteProcessMemory request was completed. (0x12B)
[0904/150916.846:WARNING:pe_image_reader.cc(340)] could not read dos header from C:\WINDOWS\System32\sechost.dll
[0904/150916.846:ERROR:process_memory_win.cc(73)] ReadMemory at 0x7fffb52e0000 of 64 bytes failed: Only part of a ReadProcessMemory or WriteProcessMemory request was completed. (0x12B)
[0904/150916.846:WARNING:pe_image_reader.cc(340)] could not read dos header from C:\WINDOWS\System32\RPCRT4.dll
[0904/150916.846:ERROR:process_memory_win.cc(73)] ReadMemory at 0x7fff711a0000 of 64 bytes failed: Only part of a ReadProcessMemory or WriteProcessMemory request was completed. (0x12B)
[0904/150916.846:WARNING:pe_image_reader.cc(340)] could not read dos header from C:\Program Files (x86)\Google\Chrome\Application\84.0.4147.135\chrome.dll
[0904/150916.846:ERROR:process_memory_win.cc(73)] ReadMemory at 0x7fffb6ad0000 of 64 bytes failed: Only part of a ReadProcessMemory or WriteProcessMemory request was completed. (0x12B)
[0904/150916.846:WARNING:pe_image_reader.cc(340)] could not read dos header from C:\WINDOWS\System32\WS2_32.dll
[0904/150916.846:ERROR:process_memory_win.cc(73)] ReadMemory at 0x7fffb5210000 of 64 bytes failed: Only part of a ReadProcessMemory or WriteProcessMemory request was completed. (0x12B)
[0904/150916.846:WARNING:pe_image_reader.cc(340)] could not read dos header from C:\WINDOWS\System32\OLEAUT32.dll
[0904/150916.846:ERROR:process_memory_win.cc(73)] ReadMemory at 0x7fffb4650000 of 64 bytes failed: Only part of a ReadProcessMemory or WriteProcessMemory request was completed. (0x12B)
[0904/150916.847:WARNING:pe_image_reader.cc(340)] could not read dos header from C:\WINDOWS\System32\msvcp_win.dll
[0904/150916.847:ERROR:process_memory_win.cc(73)] ReadMemory at 0x7fffb46f0000 of 64 bytes failed: Only part of a ReadProcessMemory or WriteProcessMemory request was completed. (0x12B)
[0904/150916.847:WARNING:pe_image_reader.cc(340)] could not read dos header from C:\WINDOWS\System32\ucrtbase.dll
[0904/150916.847:ERROR:process_memory_win.cc(73)] ReadMemory at 0x7fffb5680000 of 64 bytes failed: Only part of a ReadProcessMemory or WriteProcessMemory request was completed. (0x12B)
[0904/150916.847:WARNING:pe_image_reader.cc(340)] could not read dos header from C:\WINDOWS\System32\combase.dll
[0904/150916.847:ERROR:process_memory_win.cc(73)] ReadMemory at 0x7fffb3ca0000 of 64 bytes failed: Only part of a ReadProcessMemory or WriteProcessMemory request was completed. (0x12B)
[0904/150916.847:WARNING:pe_image_reader.cc(340)] could not read dos header from C:\WINDOWS\System32\WINTRUST.dll
[0904/150916.847:ERROR:process_memory_win.cc(73)] ReadMemory at 0x7fffb3c50000 of 64 bytes failed: Only part of a ReadProcessMemory or WriteProcessMemory request was completed. (0x12B)
[0904/150916.847:WARNING:pe_image_reader.cc(340)] could not read dos header from C:\WINDOWS\System32\MSASN1.dll
[0904/150916.847:ERROR:process_memory_win.cc(73)] ReadMemory at 0x7fffb48a0000 of 64 bytes failed: Only part of a ReadProcessMemory or WriteProcessMemory request was completed. (0x12B)
[0904/150916.847:WARNING:pe_image_reader.cc(340)] could not read dos header from C:\WINDOWS\System32\CRYPT32.dll
[0904/150916.847:ERROR:process_memory_win.cc(73)] ReadMemory at 0x7fffb3100000 of 64 bytes failed: Only part of a ReadProcessMemory or WriteProcessMemory request was completed. (0x12B)
[0904/150916.847:WARNING:pe_image_reader.cc(340)] could not read dos header from C:\WINDOWS\SYSTEM32\IPHLPAPI.DLL
[0904/150916.847:ERROR:process_memory_win.cc(73)] ReadMemory at 0x7fffb1cc0000 of 64 bytes failed: Only part of a ReadProcessMemory or WriteProcessMemory request was completed. (0x12B)
[0904/150916.847:WARNING:pe_image_reader.cc(340)] could not read dos header from C:\WINDOWS\SYSTEM32\WINMM.dll
[0904/150916.847:ERROR:process_memory_win.cc(73)] ReadMemory at 0x7fffa4c40000 of 64 bytes failed: Only part of a ReadProcessMemory or WriteProcessMemory request was completed. (0x12B)
[0904/150916.847:WARNING:pe_image_reader.cc(340)] could not read dos header from C:\WINDOWS\SYSTEM32\Secur32.dll
[0904/150916.847:ERROR:process_memory_win.cc(73)] ReadMemory at 0x7fffb3af0000 of 64 bytes failed: Only part of a ReadProcessMemory or WriteProcessMemory request was completed. (0x12B)
[0904/150916.847:WARNING:pe_image_reader.cc(340)] could not read dos header from C:\WINDOWS\SYSTEM32\USERENV.dll
[0904/150916.847:ERROR:process_memory_win.cc(73)] ReadMemory at 0x7fffb3c70000 of 64 bytes failed: Only part of a ReadProcessMemory or WriteProcessMemory request was completed. (0x12B)
[0904/150916.847:WARNING:pe_image_reader.cc(340)] could not read dos header from C:\WINDOWS\System32\profapi.dll
[0904/150916.847:ERROR:process_memory_win.cc(73)] ReadMemory at 0x7fff87840000 of 64 bytes failed: Only part of a ReadProcessMemory or WriteProcessMemory request was completed. (0x12B)
[0904/150916.847:WARNING:pe_image_reader.cc(340)] could not read dos header from C:\WINDOWS\SYSTEM32\UIAutomationCore.DLL
[0904/150916.847:ERROR:process_memory_win.cc(73)] ReadMemory at 0x7fff8dc40000 of 64 bytes failed: Only part of a ReadProcessMemory or WriteProcessMemory request was completed. (0x12B)
[0904/150916.848:WARNING:pe_image_reader.cc(340)] could not read dos header from C:\WINDOWS\SYSTEM32\DWrite.dll
[0904/150916.848:ERROR:process_memory_win.cc(73)] ReadMemory at 0x7fffa7870000 of 64 bytes failed: Only part of a ReadProcessMemory or WriteProcessMemory request was completed. (0x12B)
[0904/150916.848:WARNING:pe_image_reader.cc(340)] could not read dos header from C:\WINDOWS\SYSTEM32\WINSPOOL.DRV
[0904/150916.848:ERROR:process_memory_win.cc(73)] ReadMemory at 0x7fffb3be0000 of 64 bytes failed: Only part of a ReadProcessMemory or WriteProcessMemory request was completed. (0x12B)
[0904/150916.848:WARNING:pe_image_reader.cc(340)] could not read dos header from C:\WINDOWS\System32\kernel.appcore.dll
[0904/150916.848:ERROR:process_memory_win.cc(73)] ReadMemory at 0x7fffb49f0000 of 64 bytes failed: Only part of a ReadProcessMemory or WriteProcessMemory request was completed. (0x12B)
[0904/150916.848:WARNING:pe_image_reader.cc(340)] could not read dos header from C:\WINDOWS\System32\bcrypt.dll
[0904/150916.848:ERROR:process_memory_win.cc(73)] ReadMemory at 0x7fffa3980000 of 64 bytes failed: Only part of a ReadProcessMemory or WriteProcessMemory request was completed. (0x12B)
[0904/150916.848:WARNING:pe_image_reader.cc(340)] could not read dos header from C:\WINDOWS\SYSTEM32\dbghelp.dll
[0904/150916.848:ERROR:process_memory_win.cc(73)] ReadMemory at 0x7fffac470000 of 64 bytes failed: Only part of a ReadProcessMemory or WriteProcessMemory request was completed. (0x12B)
[0904/150916.848:WARNING:pe_image_reader.cc(340)] could not read dos header from C:\WINDOWS\SYSTEM32\WINHTTP.dll
[0904/150916.848:ERROR:process_memory_win.cc(73)] ReadMemory at 0x7fffacfd0000 of 64 bytes failed: Only part of a ReadProcessMemory or WriteProcessMemory request was completed. (0x12B)
[0904/150916.848:WARNING:pe_image_reader.cc(340)] could not read dos header from C:\WINDOWS\SYSTEM32\dhcpcsvc.DLL
[0904/150916.848:ERROR:process_memory_win.cc(73)] ReadMemory at 0x7fffb5400000 of 64 bytes failed: Only part of a ReadProcessMemory or WriteProcessMemory request was completed. (0x12B)
[0904/150916.848:WARNING:pe_image_reader.cc(340)] could not read dos header from C:\WINDOWS\System32\NSI.dll
[0904/150916.848:ERROR:process_memory_win.cc(73)] ReadMemory at 0x7fffb1b90000 of 64 bytes failed: Only part of a ReadProcessMemory or WriteProcessMemory request was completed. (0x12B)
[0904/150916.848:WARNING:pe_image_reader.cc(340)] could not read dos header from C:\WINDOWS\SYSTEM32\WINMMBASE.dll
[0904/150916.848:ERROR:process_memory_win.cc(73)] ReadMemory at 0x7fffb4d80000 of 64 bytes failed: Only part of a ReadProcessMemory or WriteProcessMemory request was completed. (0x12B)
[0904/150916.848:WARNING:pe_image_reader.cc(340)] could not read dos header from C:\WINDOWS\System32\cfgmgr32.dll
[0904/150916.848:ERROR:process_memory_win.cc(73)] ReadMemory at 0x7fffb0530000 of 64 bytes failed: Only part of a ReadProcessMemory or WriteProcessMemory request was completed. (0x12B)
[0904/150916.848:WARNING:pe_image_reader.cc(340)] could not read dos header from C:\WINDOWS\SYSTEM32\PROPSYS.dll
[0904/150916.848:ERROR:process_memory_win.cc(73)] ReadMemory at 0x7fffb4fb0000 of 64 bytes failed: Only part of a ReadProcessMemory or WriteProcessMemory request was completed. (0x12B)
[0904/150916.848:WARNING:pe_image_reader.cc(340)] could not read dos header from C:\WINDOWS\System32\shcore.dll
[0904/150916.848:ERROR:process_memory_win.cc(73)] ReadMemory at 0x7fffb3ac0000 of 64 bytes failed: Only part of a ReadProcessMemory or WriteProcessMemory request was completed. (0x12B)
[0904/150916.849:WARNING:pe_image_reader.cc(340)] could not read dos header from C:\WINDOWS\SYSTEM32\SSPICLI.DLL
[0904/150916.849:ERROR:process_memory_win.cc(73)] ReadMemory at 0x7fffb63e0000 of 64 bytes failed: Only part of a ReadProcessMemory or WriteProcessMemory request was completed. (0x12B)
[0904/150916.849:WARNING:pe_image_reader.cc(340)] could not read dos header from C:\WINDOWS\System32\SHELL32.dll
[0904/150916.849:ERROR:process_memory_win.cc(73)] ReadMemory at 0x7fffb3ec0000 of 64 bytes failed: Only part of a ReadProcessMemory or WriteProcessMemory request was completed. (0x12B)
[0904/150916.849:WARNING:pe_image_reader.cc(340)] could not read dos header from C:\WINDOWS\System32\windows.storage.dll
[0904/150916.849:ERROR:process_memory_win.cc(73)] ReadMemory at 0x7fffb3c00000 of 64 bytes failed: Only part of a ReadProcessMemory or WriteProcessMemory request was completed. (0x12B)
[0904/150916.849:WARNING:pe_image_reader.cc(340)] could not read dos header from C:\WINDOWS\System32\powrprof.dll
[0904/150916.849:ERROR:process_memory_win.cc(73)] ReadMemory at 0x7fffb3bd0000 of 64 bytes failed: Only part of a ReadProcessMemory or WriteProcessMemory request was completed. (0x12B)
[0904/150916.849:WARNING:pe_image_reader.cc(340)] could not read dos header from C:\WINDOWS\System32\UMPDC.dll
[0904/150916.849:ERROR:process_memory_win.cc(73)] ReadMemory at 0x7fffb4e70000 of 64 bytes failed: Only part of a ReadProcessMemory or WriteProcessMemory request was completed. (0x12B)
[0904/150916.849:WARNING:pe_image_reader.cc(340)] could not read dos header from C:\WINDOWS\System32\shlwapi.dll
[0904/150916.850:ERROR:process_memory_win.cc(73)] ReadMemory at 0x7fffb5650000 of 64 bytes failed: Only part of a ReadProcessMemory or WriteProcessMemory request was completed. (0x12B)
[0904/150916.850:WARNING:pe_image_reader.cc(340)] could not read dos header from C:\WINDOWS\System32\GDI32.dll
[0904/150916.850:ERROR:process_memory_win.cc(73)] ReadMemory at 0x7fffb4a20000 of 64 bytes failed: Only part of a ReadProcessMemory or WriteProcessMemory request was completed. (0x12B)
[0904/150916.850:WARNING:pe_image_reader.cc(340)] could not read dos header from C:\WINDOWS\System32\win32u.dll
[0904/150916.850:ERROR:process_memory_win.cc(73)] ReadMemory at 0x7fffb3d00000 of 64 bytes failed: Only part of a ReadProcessMemory or WriteProcessMemory request was completed. (0x12B)
[0904/150916.850:WARNING:pe_image_reader.cc(340)] could not read dos header from C:\WINDOWS\System32\gdi32full.dll
[0904/150916.850:ERROR:process_memory_win.cc(73)] ReadMemory at 0x7fffb6b40000 of 64 bytes failed: Only part of a ReadProcessMemory or WriteProcessMemory request was completed. (0x12B)
[0904/150916.851:WARNING:pe_image_reader.cc(340)] could not read dos header from C:\WINDOWS\System32\USER32.dll
[0904/150916.851:ERROR:process_memory_win.cc(73)] ReadMemory at 0x7fffb3ea0000 of 64 bytes failed: Only part of a ReadProcessMemory or WriteProcessMemory request was completed. (0x12B)
[0904/150916.851:WARNING:pe_image_reader.cc(340)] could not read dos header from C:\WINDOWS\System32\cryptsp.dll
[0904/150916.851:ERROR:process_memory_win.cc(73)] ReadMemory at 0x7fffb4e40000 of 64 bytes failed: Only part of a ReadProcessMemory or WriteProcessMemory request was completed. (0x12B)
[0904/150916.851:WARNING:pe_image_reader.cc(340)] could not read dos header from C:\WINDOWS\System32\IMM32.DLL
[0904/150916.851:ERROR:process_memory_win.cc(73)] ReadMemory at 0x7fffb3590000 of 64 bytes failed: Only part of a ReadProcessMemory or WriteProcessMemory request was completed. (0x12B)
[0904/150916.851:WARNING:pe_image_reader.cc(340)] could not read dos header from C:\WINDOWS\SYSTEM32\CRYPTBASE.DLL
[0904/150916.861:ERROR:process_memory_win.cc(73)] ReadMemory at 0x7ff61d940000 of 64 bytes failed: Only part of a ReadProcessMemory or WriteProcessMemory request was completed. (0x12B)
[0904/150916.861:WARNING:pe_image_reader.cc(340)] could not read dos header from C:\Program Files (x86)\Google\Chrome\Application\chrome.exe
[0904/150916.861:ERROR:process_memory_win.cc(73)] ReadMemory at 0x7fffb6d20000 of 64 bytes failed: Only part of a ReadProcessMemory or WriteProcessMemory request was completed. (0x12B)
[0904/150916.861:WARNING:pe_image_reader.cc(340)] could not read dos header from C:\WINDOWS\SYSTEM32\ntdll.dll
[0904/150916.861:ERROR:process_memory_win.cc(73)] ReadMemory at 0x7fffb5580000 of 64 bytes failed: Only part of a ReadProcessMemory or WriteProcessMemory request was completed. (0x12B)
[0904/150916.861:WARNING:pe_image_reader.cc(340)] could not read dos header from C:\WINDOWS\System32\KERNEL32.DLL
[0904/150916.861:ERROR:process_memory_win.cc(73)] ReadMemory at 0x7fffb4ad0000 of 64 bytes failed: Only part of a ReadProcessMemory or WriteProcessMemory request was completed. (0x12B)
[0904/150916.861:WARNING:pe_image_reader.cc(340)] could not read dos header from C:\WINDOWS\System32\KERNELBASE.dll
[0904/150916.861:ERROR:process_memory_win.cc(73)] ReadMemory at 0x7fffae560000 of 64 bytes failed: Only part of a ReadProcessMemory or WriteProcessMemory request was completed. (0x12B)
[0904/150916.861:WARNING:pe_image_reader.cc(340)] could not read dos header from C:\Program Files (x86)\Google\Chrome\Application\84.0.4147.135\chrome_elf.dll
[0904/150916.861:ERROR:process_memory_win.cc(73)] ReadMemory at 0x7fffacae0000 of 64 bytes failed: Only part of a ReadProcessMemory or WriteProcessMemory request was completed. (0x12B)
[0904/150916.861:WARNING:pe_image_reader.cc(340)] could not read dos header from C:\WINDOWS\SYSTEM32\VERSION.dll
[0904/150916.861:ERROR:process_memory_win.cc(73)] ReadMemory at 0x7fffb60a0000 of 64 bytes failed: Only part of a ReadProcessMemory or WriteProcessMemory request was completed. (0x12B)
[0904/150916.861:WARNING:pe_image_reader.cc(340)] could not read dos header from C:\WINDOWS\System32\msvcrt.dll
[0904/150916.861:ERROR:process_memory_win.cc(73)] ReadMemory at 0x7fffb4a50000 of 64 bytes failed: Only part of a ReadProcessMemory or WriteProcessMemory request was completed. (0x12B)
[0904/150916.861:WARNING:pe_image_reader.cc(340)] could not read dos header from C:\WINDOWS\System32\bcryptPrimitives.dll
[0904/150916.861:ERROR:process_memory_win.cc(73)] ReadMemory at 0x7fffb5410000 of 64 bytes failed: Only part of a ReadProcessMemory or WriteProcessMemory request was completed. (0x12B)
[0904/150916.861:WARNING:pe_image_reader.cc(340)] could not read dos header from C:\WINDOWS\System32\ADVAPI32.dll
[0904/150916.861:ERROR:process_memory_win.cc(73)] ReadMemory at 0x7fffb54c0000 of 64 bytes failed: Only part of a ReadProcessMemory or WriteProcessMemory request was completed. (0x12B)
[0904/150916.861:WARNING:pe_image_reader.cc(340)] could not read dos header from C:\WINDOWS\System32\sechost.dll
[0904/150916.862:ERROR:process_memory_win.cc(73)] ReadMemory at 0x7fffb52e0000 of 64 bytes failed: Only part of a ReadProcessMemory or WriteProcessMemory request was completed. (0x12B)
[0904/150916.862:WARNING:pe_image_reader.cc(340)] could not read dos header from C:\WINDOWS\System32\RPCRT4.dll
[0904/150916.862:ERROR:process_memory_win.cc(73)] ReadMemory at 0x7fff711a0000 of 64 bytes failed: Only part of a ReadProcessMemory or WriteProcessMemory request was completed. (0x12B)
[0904/150916.862:WARNING:pe_image_reader.cc(340)] could not read dos header from C:\Program Files (x86)\Google\Chrome\Application\84.0.4147.135\chrome.dll
[0904/150916.862:ERROR:process_memory_win.cc(73)] ReadMemory at 0x7fffb6ad0000 of 64 bytes failed: Only part of a ReadProcessMemory or WriteProcessMemory request was completed. (0x12B)
[0904/150916.862:WARNING:pe_image_reader.cc(340)] could not read dos header from C:\WINDOWS\System32\WS2_32.dll
[0904/150916.862:ERROR:process_memory_win.cc(73)] ReadMemory at 0x7fffb5210000 of 64 bytes failed: Only part of a ReadProcessMemory or WriteProcessMemory request was completed. (0x12B)
[0904/150916.862:WARNING:pe_image_reader.cc(340)] could not read dos header from C:\WINDOWS\System32\OLEAUT32.dll
[0904/150916.862:ERROR:process_memory_win.cc(73)] ReadMemory at 0x7fffb4650000 of 64 bytes failed: Only part of a ReadProcessMemory or WriteProcessMemory request was completed. (0x12B)
[0904/150916.862:WARNING:pe_image_reader.cc(340)] could not read dos header from C:\WINDOWS\System32\msvcp_win.dll
[0904/150916.862:ERROR:process_memory_win.cc(73)] ReadMemory at 0x7fffb46f0000 of 64 bytes failed: Only part of a ReadProcessMemory or WriteProcessMemory request was completed. (0x12B)
[0904/150916.862:WARNING:pe_image_reader.cc(340)] could not read dos header from C:\WINDOWS\System32\ucrtbase.dll
[0904/150916.862:ERROR:process_memory_win.cc(73)] ReadMemory at 0x7fffb5680000 of 64 bytes failed: Only part of a ReadProcessMemory or WriteProcessMemory request was completed. (0x12B)
[0904/150916.862:WARNING:pe_image_reader.cc(340)] could not read dos header from C:\WINDOWS\System32\combase.dll
[0904/150916.862:ERROR:process_memory_win.cc(73)] ReadMemory at 0x7fffb3ca0000 of 64 bytes failed: Only part of a ReadProcessMemory or WriteProcessMemory request was completed. (0x12B)
[0904/150916.862:WARNING:pe_image_reader.cc(340)] could not read dos header from C:\WINDOWS\System32\WINTRUST.dll
[0904/150916.862:ERROR:process_memory_win.cc(73)] ReadMemory at 0x7fffb3c50000 of 64 bytes failed: Only part of a ReadProcessMemory or WriteProcessMemory request was completed. (0x12B)
[0904/150916.862:WARNING:pe_image_reader.cc(340)] could not read dos header from C:\WINDOWS\System32\MSASN1.dll
[0904/150916.862:ERROR:process_memory_win.cc(73)] ReadMemory at 0x7fffb48a0000 of 64 bytes failed: Only part of a ReadProcessMemory or WriteProcessMemory request was completed. (0x12B)
[0904/150916.862:WARNING:pe_image_reader.cc(340)] could not read dos header from C:\WINDOWS\System32\CRYPT32.dll
[0904/150916.862:ERROR:process_memory_win.cc(73)] ReadMemory at 0x7fffb3100000 of 64 bytes failed: Only part of a ReadProcessMemory or WriteProcessMemory request was completed. (0x12B)
[0904/150916.862:WARNING:pe_image_reader.cc(340)] could not read dos header from C:\WINDOWS\SYSTEM32\IPHLPAPI.DLL
[0904/150916.862:ERROR:process_memory_win.cc(73)] ReadMemory at 0x7fffb1cc0000 of 64 bytes failed: Only part of a ReadProcessMemory or WriteProcessMemory request was completed. (0x12B)
[0904/150916.862:WARNING:pe_image_reader.cc(340)] could not read dos header from C:\WINDOWS\SYSTEM32\WINMM.dll
[0904/150916.862:ERROR:process_memory_win.cc(73)] ReadMemory at 0x7fffa4c40000 of 64 bytes failed: Only part of a ReadProcessMemory or WriteProcessMemory request was completed. (0x12B)
[0904/150916.862:WARNING:pe_image_reader.cc(340)] could not read dos header from C:\WINDOWS\SYSTEM32\Secur32.dll
[0904/150916.862:ERROR:process_memory_win.cc(73)] ReadMemory at 0x7fffb3af0000 of 64 bytes failed: Only part of a ReadProcessMemory or WriteProcessMemory request was completed. (0x12B)
[0904/150916.863:WARNING:pe_image_reader.cc(340)] could not read dos header from C:\WINDOWS\SYSTEM32\USERENV.dll
[0904/150916.863:ERROR:process_memory_win.cc(73)] ReadMemory at 0x7fffb3c70000 of 64 bytes failed: Only part of a ReadProcessMemory or WriteProcessMemory request was completed. (0x12B)
[0904/150916.863:WARNING:pe_image_reader.cc(340)] could not read dos header from C:\WINDOWS\System32\profapi.dll
[0904/150916.863:ERROR:process_memory_win.cc(73)] ReadMemory at 0x7fff87840000 of 64 bytes failed: Only part of a ReadProcessMemory or WriteProcessMemory request was completed. (0x12B)
[0904/150916.863:WARNING:pe_image_reader.cc(340)] could not read dos header from C:\WINDOWS\SYSTEM32\UIAutomationCore.DLL
[0904/150916.863:ERROR:process_memory_win.cc(73)] ReadMemory at 0x7fff8dc40000 of 64 bytes failed: Only part of a ReadProcessMemory or WriteProcessMemory request was completed. (0x12B)
[0904/150916.863:WARNING:pe_image_reader.cc(340)] could not read dos header from C:\WINDOWS\SYSTEM32\DWrite.dll
[0904/150916.863:ERROR:process_memory_win.cc(73)] ReadMemory at 0x7fffa7870000 of 64 bytes failed: Only part of a ReadProcessMemory or WriteProcessMemory request was completed. (0x12B)
[0904/150916.863:WARNING:pe_image_reader.cc(340)] could not read dos header from C:\WINDOWS\SYSTEM32\WINSPOOL.DRV
[0904/150916.863:ERROR:process_memory_win.cc(73)] ReadMemory at 0x7fffb3be0000 of 64 bytes failed: Only part of a ReadProcessMemory or WriteProcessMemory request was completed. (0x12B)
[0904/150916.863:WARNING:pe_image_reader.cc(340)] could not read dos header from C:\WINDOWS\System32\kernel.appcore.dll
[0904/150916.863:ERROR:process_memory_win.cc(73)] ReadMemory at 0x7fffb49f0000 of 64 bytes failed: Only part of a ReadProcessMemory or WriteProcessMemory request was completed. (0x12B)
[0904/150916.863:WARNING:pe_image_reader.cc(340)] could not read dos header from C:\WINDOWS\System32\bcrypt.dll
[0904/150916.863:ERROR:process_memory_win.cc(73)] ReadMemory at 0x7fffa3980000 of 64 bytes failed: Only part of a ReadProcessMemory or WriteProcessMemory request was completed. (0x12B)
[0904/150916.863:WARNING:pe_image_reader.cc(340)] could not read dos header from C:\WINDOWS\SYSTEM32\dbghelp.dll
[0904/150916.863:ERROR:process_memory_win.cc(73)] ReadMemory at 0x7fffac470000 of 64 bytes failed: Only part of a ReadProcessMemory or WriteProcessMemory request was completed. (0x12B)
[0904/150916.863:WARNING:pe_image_reader.cc(340)] could not read dos header from C:\WINDOWS\SYSTEM32\WINHTTP.dll
[0904/150916.863:ERROR:process_memory_win.cc(73)] ReadMemory at 0x7fffacfd0000 of 64 bytes failed: Only part of a ReadProcessMemory or WriteProcessMemory request was completed. (0x12B)
[0904/150916.863:WARNING:pe_image_reader.cc(340)] could not read dos header from C:\WINDOWS\SYSTEM32\dhcpcsvc.DLL
[0904/150916.863:ERROR:process_memory_win.cc(73)] ReadMemory at 0x7fffb5400000 of 64 bytes failed: Only part of a ReadProcessMemory or WriteProcessMemory request was completed. (0x12B)
[0904/150916.863:WARNING:pe_image_reader.cc(340)] could not read dos header from C:\WINDOWS\System32\NSI.dll
[0904/150916.863:ERROR:process_memory_win.cc(73)] ReadMemory at 0x7fffb1b90000 of 64 bytes failed: Only part of a ReadProcessMemory or WriteProcessMemory request was completed. (0x12B)
[0904/150916.863:WARNING:pe_image_reader.cc(340)] could not read dos header from C:\WINDOWS\SYSTEM32\WINMMBASE.dll
[0904/150916.863:ERROR:process_memory_win.cc(73)] ReadMemory at 0x7fffb4d80000 of 64 bytes failed: Only part of a ReadProcessMemory or WriteProcessMemory request was completed. (0x12B)
[0904/150916.863:WARNING:pe_image_reader.cc(340)] could not read dos header from C:\WINDOWS\System32\cfgmgr32.dll
[0904/150916.864:ERROR:process_memory_win.cc(73)] ReadMemory at 0x7fffb0530000 of 64 bytes failed: Only part of a ReadProcessMemory or WriteProcessMemory request was completed. (0x12B)
[0904/150916.864:WARNING:pe_image_reader.cc(340)] could not read dos header from C:\WINDOWS\SYSTEM32\PROPSYS.dll
[0904/150916.864:ERROR:process_memory_win.cc(73)] ReadMemory at 0x7fffb4fb0000 of 64 bytes failed: Only part of a ReadProcessMemory or WriteProcessMemory request was completed. (0x12B)
[0904/150916.864:WARNING:pe_image_reader.cc(340)] could not read dos header from C:\WINDOWS\System32\shcore.dll
[0904/150916.864:ERROR:process_memory_win.cc(73)] ReadMemory at 0x7fffb3ac0000 of 64 bytes failed: Only part of a ReadProcessMemory or WriteProcessMemory request was completed. (0x12B)
[0904/150916.864:WARNING:pe_image_reader.cc(340)] could not read dos header from C:\WINDOWS\SYSTEM32\SSPICLI.DLL
[0904/150916.864:ERROR:process_memory_win.cc(73)] ReadMemory at 0x7fffb63e0000 of 64 bytes failed: Only part of a ReadProcessMemory or WriteProcessMemory request was completed. (0x12B)
[0904/150916.864:WARNING:pe_image_reader.cc(340)] could not read dos header from C:\WINDOWS\System32\SHELL32.dll
[0904/150916.864:ERROR:process_memory_win.cc(73)] ReadMemory at 0x7fffb3ec0000 of 64 bytes failed: Only part of a ReadProcessMemory or WriteProcessMemory request was completed. (0x12B)
[0904/150916.864:WARNING:pe_image_reader.cc(340)] could not read dos header from C:\WINDOWS\System32\windows.storage.dll
[0904/150916.864:ERROR:process_memory_win.cc(73)] ReadMemory at 0x7fffb3c00000 of 64 bytes failed: Only part of a ReadProcessMemory or WriteProcessMemory request was completed. (0x12B)
[0904/150916.864:WARNING:pe_image_reader.cc(340)] could not read dos header from C:\WINDOWS\System32\powrprof.dll
[0904/150916.864:ERROR:process_memory_win.cc(73)] ReadMemory at 0x7fffb3bd0000 of 64 bytes failed: Only part of a ReadProcessMemory or WriteProcessMemory request was completed. (0x12B)
[0904/150916.864:WARNING:pe_image_reader.cc(340)] could not read dos header from C:\WINDOWS\System32\UMPDC.dll
[0904/150916.864:ERROR:process_memory_win.cc(73)] ReadMemory at 0x7fffb4e70000 of 64 bytes failed: Only part of a ReadProcessMemory or WriteProcessMemory request was completed. (0x12B)
[0904/150916.864:WARNING:pe_image_reader.cc(340)] could not read dos header from C:\WINDOWS\System32\shlwapi.dll
[0904/150916.864:ERROR:process_memory_win.cc(73)] ReadMemory at 0x7fffb5650000 of 64 bytes failed: Only part of a ReadProcessMemory or WriteProcessMemory request was completed. (0x12B)
[0904/150916.864:WARNING:pe_image_reader.cc(340)] could not read dos header from C:\WINDOWS\System32\GDI32.dll
[0904/150916.864:ERROR:process_memory_win.cc(73)] ReadMemory at 0x7fffb4a20000 of 64 bytes failed: Only part of a ReadProcessMemory or WriteProcessMemory request was completed. (0x12B)
[0904/150916.864:WARNING:pe_image_reader.cc(340)] could not read dos header from C:\WINDOWS\System32\win32u.dll
[0904/150916.864:ERROR:process_memory_win.cc(73)] ReadMemory at 0x7fffb3d00000 of 64 bytes failed: Only part of a ReadProcessMemory or WriteProcessMemory request was completed. (0x12B)
[0904/150916.864:WARNING:pe_image_reader.cc(340)] could not read dos header from C:\WINDOWS\System32\gdi32full.dll
[0904/150916.864:ERROR:process_memory_win.cc(73)] ReadMemory at 0x7fffb6b40000 of 64 bytes failed: Only part of a ReadProcessMemory or WriteProcessMemory request was completed. (0x12B)
[0904/150916.864:WARNING:pe_image_reader.cc(340)] could not read dos header from C:\WINDOWS\System32\USER32.dll
[0904/150916.864:ERROR:process_memory_win.cc(73)] ReadMemory at 0x7fffb3ea0000 of 64 bytes failed: Only part of a ReadProcessMemory or WriteProcessMemory request was completed. (0x12B)
[0904/150916.864:WARNING:pe_image_reader.cc(340)] could not read dos header from C:\WINDOWS\System32\cryptsp.dll
[0904/150916.864:ERROR:process_memory_win.cc(73)] ReadMemory at 0x7fffb4e40000 of 64 bytes failed: Only part of a ReadProcessMemory or WriteProcessMemory request was completed. (0x12B)
[0904/150916.865:WARNING:pe_image_reader.cc(340)] could not read dos header from C:\WINDOWS\System32\IMM32.DLL
[0904/150916.865:ERROR:process_memory_win.cc(73)] ReadMemory at 0x7fffb3590000 of 64 bytes failed: Only part of a ReadProcessMemory or WriteProcessMemory request was completed. (0x12B)
[0904/150916.865:WARNING:pe_image_reader.cc(340)] could not read dos header from C:\WINDOWS\SYSTEM32\CRYPTBASE.DLL
[0904/150916.865:ERROR:process_memory_win.cc(73)] ReadMemory at 0x7ff61d940000 of 64 bytes failed: Only part of a ReadProcessMemory or WriteProcessMemory request was completed. (0x12B)
[0904/150916.865:WARNING:pe_image_reader.cc(340)] could not read dos header from C:\Program Files (x86)\Google\Chrome\Application\chrome.exe
[0904/150916.865:ERROR:process_memory_win.cc(73)] ReadMemory at 0x7fffb6d20000 of 64 bytes failed: Only part of a ReadProcessMemory or WriteProcessMemory request was completed. (0x12B)
[0904/150916.865:WARNING:pe_image_reader.cc(340)] could not read dos header from C:\WINDOWS\SYSTEM32\ntdll.dll
[0904/150916.865:ERROR:process_memory_win.cc(73)] ReadMemory at 0x7fffb5580000 of 64 bytes failed: Only part of a ReadProcessMemory or WriteProcessMemory request was completed. (0x12B)
[0904/150916.865:WARNING:pe_image_reader.cc(340)] could not read dos header from C:\WINDOWS\System32\KERNEL32.DLL
[0904/150916.865:ERROR:process_memory_win.cc(73)] ReadMemory at 0x7fffb4ad0000 of 64 bytes failed: Only part of a ReadProcessMemory or WriteProcessMemory request was completed. (0x12B)
[0904/150916.865:WARNING:pe_image_reader.cc(340)] could not read dos header from C:\WINDOWS\System32\KERNELBASE.dll
[0904/150916.865:ERROR:process_memory_win.cc(73)] ReadMemory at 0x7fffae560000 of 64 bytes failed: Only part of a ReadProcessMemory or WriteProcessMemory request was completed. (0x12B)
[0904/150916.865:WARNING:pe_image_reader.cc(340)] could not read dos header from C:\Program Files (x86)\Google\Chrome\Application\84.0.4147.135\chrome_elf.dll
[0904/150916.865:ERROR:process_memory_win.cc(73)] ReadMemory at 0x7fffacae0000 of 64 bytes failed: Only part of a ReadProcessMemory or WriteProcessMemory request was completed. (0x12B)
[0904/150916.865:WARNING:pe_image_reader.cc(340)] could not read dos header from C:\WINDOWS\SYSTEM32\VERSION.dll
[0904/150916.865:ERROR:process_memory_win.cc(73)] ReadMemory at 0x7fffb60a0000 of 64 bytes failed: Only part of a ReadProcessMemory or WriteProcessMemory request was completed. (0x12B)
[0904/150916.865:WARNING:pe_image_reader.cc(340)] could not read dos header from C:\WINDOWS\System32\msvcrt.dll
[0904/150916.865:ERROR:process_memory_win.cc(73)] ReadMemory at 0x7fffb4a50000 of 64 bytes failed: Only part of a ReadProcessMemory or WriteProcessMemory request was completed. (0x12B)
[0904/150916.865:WARNING:pe_image_reader.cc(340)] could not read dos header from C:\WINDOWS\System32\bcryptPrimitives.dll
[0904/150916.865:ERROR:process_memory_win.cc(73)] ReadMemory at 0x7fffb5410000 of 64 bytes failed: Only part of a ReadProcessMemory or WriteProcessMemory request was completed. (0x12B)
[0904/150916.865:WARNING:pe_image_reader.cc(340)] could not read dos header from C:\WINDOWS\System32\ADVAPI32.dll
[0904/150916.865:ERROR:process_memory_win.cc(73)] ReadMemory at 0x7fffb54c0000 of 64 bytes failed: Only part of a ReadProcessMemory or WriteProcessMemory request was completed. (0x12B)
[0904/150916.865:WARNING:pe_image_reader.cc(340)] could not read dos header from C:\WINDOWS\System32\sechost.dll
[0904/150916.865:ERROR:process_memory_win.cc(73)] ReadMemory at 0x7fffb52e0000 of 64 bytes failed: Only part of a ReadProcessMemory or WriteProcessMemory request was completed. (0x12B)
[0904/150916.865:WARNING:pe_image_reader.cc(340)] could not read dos header from C:\WINDOWS\System32\RPCRT4.dll
[0904/150916.866:ERROR:process_memory_win.cc(73)] ReadMemory at 0x7fff711a0000 of 64 bytes failed: Only part of a ReadProcessMemory or WriteProcessMemory request was completed. (0x12B)
[0904/150916.866:WARNING:pe_image_reader.cc(340)] could not read dos header from C:\Program Files (x86)\Google\Chrome\Application\84.0.4147.135\chrome.dll
[0904/150916.866:ERROR:process_memory_win.cc(73)] ReadMemory at 0x7fffb6ad0000 of 64 bytes failed: Only part of a ReadProcessMemory or WriteProcessMemory request was completed. (0x12B)
[0904/150916.866:WARNING:pe_image_reader.cc(340)] could not read dos header from C:\WINDOWS\System32\WS2_32.dll
[0904/150916.866:ERROR:process_memory_win.cc(73)] ReadMemory at 0x7fffb5210000 of 64 bytes failed: Only part of a ReadProcessMemory or WriteProcessMemory request was completed. (0x12B)
[0904/150916.866:WARNING:pe_image_reader.cc(340)] could not read dos header from C:\WINDOWS\System32\OLEAUT32.dll
[0904/150916.866:ERROR:process_memory_win.cc(73)] ReadMemory at 0x7fffb4650000 of 64 bytes failed: Only part of a ReadProcessMemory or WriteProcessMemory request was completed. (0x12B)
[0904/150916.866:WARNING:pe_image_reader.cc(340)] could not read dos header from C:\WINDOWS\System32\msvcp_win.dll
[0904/150916.866:ERROR:process_memory_win.cc(73)] ReadMemory at 0x7fffb46f0000 of 64 bytes failed: Only part of a ReadProcessMemory or WriteProcessMemory request was completed. (0x12B)
[0904/150916.866:WARNING:pe_image_reader.cc(340)] could not read dos header from C:\WINDOWS\System32\ucrtbase.dll
[0904/150916.866:ERROR:process_memory_win.cc(73)] ReadMemory at 0x7fffb5680000 of 64 bytes failed: Only part of a ReadProcessMemory or WriteProcessMemory request was completed. (0x12B)
[0904/150916.866:WARNING:pe_image_reader.cc(340)] could not read dos header from C:\WINDOWS\System32\combase.dll
[0904/150916.866:ERROR:process_memory_win.cc(73)] ReadMemory at 0x7fffb3ca0000 of 64 bytes failed: Only part of a ReadProcessMemory or WriteProcessMemory request was completed. (0x12B)
[0904/150916.866:WARNING:pe_image_reader.cc(340)] could not read dos header from C:\WINDOWS\System32\WINTRUST.dll
[0904/150916.866:ERROR:process_memory_win.cc(73)] ReadMemory at 0x7fffb3c50000 of 64 bytes failed: Only part of a ReadProcessMemory or WriteProcessMemory request was completed. (0x12B)
[0904/150916.866:WARNING:pe_image_reader.cc(340)] could not read dos header from C:\WINDOWS\System32\MSASN1.dll
[0904/150916.866:ERROR:process_memory_win.cc(73)] ReadMemory at 0x7fffb48a0000 of 64 bytes failed: Only part of a ReadProcessMemory or WriteProcessMemory request was completed. (0x12B)
[0904/150916.866:WARNING:pe_image_reader.cc(340)] could not read dos header from C:\WINDOWS\System32\CRYPT32.dll
[0904/150916.866:ERROR:process_memory_win.cc(73)] ReadMemory at 0x7fffb3100000 of 64 bytes failed: Only part of a ReadProcessMemory or WriteProcessMemory request was completed. (0x12B)
[0904/150916.866:WARNING:pe_image_reader.cc(340)] could not read dos header from C:\WINDOWS\SYSTEM32\IPHLPAPI.DLL
[0904/150916.866:ERROR:process_memory_win.cc(73)] ReadMemory at 0x7fffb1cc0000 of 64 bytes failed: Only part of a ReadProcessMemory or WriteProcessMemory request was completed. (0x12B)
[0904/150916.867:WARNING:pe_image_reader.cc(340)] could not read dos header from C:\WINDOWS\SYSTEM32\WINMM.dll
[0904/150916.867:ERROR:process_memory_win.cc(73)] ReadMemory at 0x7fffa4c40000 of 64 bytes failed: Only part of a ReadProcessMemory or WriteProcessMemory request was completed. (0x12B)
[0904/150916.867:WARNING:pe_image_reader.cc(340)] could not read dos header from C:\WINDOWS\SYSTEM32\Secur32.dll
[0904/150916.867:ERROR:process_memory_win.cc(73)] ReadMemory at 0x7fffb3af0000 of 64 bytes failed: Only part of a ReadProcessMemory or WriteProcessMemory request was completed. (0x12B)
[0904/150916.867:WARNING:pe_image_reader.cc(340)] could not read dos header from C:\WINDOWS\SYSTEM32\USERENV.dll
[0904/150916.867:ERROR:process_memory_win.cc(73)] ReadMemory at 0x7fffb3c70000 of 64 bytes failed: Only part of a ReadProcessMemory or WriteProcessMemory request was completed. (0x12B)
[0904/150916.867:WARNING:pe_image_reader.cc(340)] could not read dos header from C:\WINDOWS\System32\profapi.dll
[0904/150916.867:ERROR:process_memory_win.cc(73)] ReadMemory at 0x7fff87840000 of 64 bytes failed: Only part of a ReadProcessMemory or WriteProcessMemory request was completed. (0x12B)
[0904/150916.867:WARNING:pe_image_reader.cc(340)] could not read dos header from C:\WINDOWS\SYSTEM32\UIAutomationCore.DLL
[0904/150916.867:ERROR:process_memory_win.cc(73)] ReadMemory at 0x7fff8dc40000 of 64 bytes failed: Only part of a ReadProcessMemory or WriteProcessMemory request was completed. (0x12B)
[0904/150916.867:WARNING:pe_image_reader.cc(340)] could not read dos header from C:\WINDOWS\SYSTEM32\DWrite.dll
[0904/150916.867:ERROR:process_memory_win.cc(73)] ReadMemory at 0x7fffa7870000 of 64 bytes failed: Only part of a ReadProcessMemory or WriteProcessMemory request was completed. (0x12B)
[0904/150916.867:WARNING:pe_image_reader.cc(340)] could not read dos header from C:\WINDOWS\SYSTEM32\WINSPOOL.DRV
[0904/150916.867:ERROR:process_memory_win.cc(73)] ReadMemory at 0x7fffb3be0000 of 64 bytes failed: Only part of a ReadProcessMemory or WriteProcessMemory request was completed. (0x12B)
[0904/150916.867:WARNING:pe_image_reader.cc(340)] could not read dos header from C:\WINDOWS\System32\kernel.appcore.dll
[0904/150916.867:ERROR:process_memory_win.cc(73)] ReadMemory at 0x7fffb49f0000 of 64 bytes failed: Only part of a ReadProcessMemory or WriteProcessMemory request was completed. (0x12B)
[0904/150916.868:WARNING:pe_image_reader.cc(340)] could not read dos header from C:\WINDOWS\System32\bcrypt.dll
[0904/150916.868:ERROR:process_memory_win.cc(73)] ReadMemory at 0x7fffa3980000 of 64 bytes failed: Only part of a ReadProcessMemory or WriteProcessMemory request was completed. (0x12B)
[0904/150916.868:WARNING:pe_image_reader.cc(340)] could not read dos header from C:\WINDOWS\SYSTEM32\dbghelp.dll
[0904/150916.868:ERROR:process_memory_win.cc(73)] ReadMemory at 0x7fffac470000 of 64 bytes failed: Only part of a ReadProcessMemory or WriteProcessMemory request was completed. (0x12B)
[0904/150916.868:WARNING:pe_image_reader.cc(340)] could not read dos header from C:\WINDOWS\SYSTEM32\WINHTTP.dll
[0904/150916.868:ERROR:process_memory_win.cc(73)] ReadMemory at 0x7fffacfd0000 of 64 bytes failed: Only part of a ReadProcessMemory or WriteProcessMemory request was completed. (0x12B)
[0904/150916.868:WARNING:pe_image_reader.cc(340)] could not read dos header from C:\WINDOWS\SYSTEM32\dhcpcsvc.DLL
[0904/150916.868:ERROR:process_memory_win.cc(73)] ReadMemory at 0x7fffb5400000 of 64 bytes failed: Only part of a ReadProcessMemory or WriteProcessMemory request was completed. (0x12B)
[0904/150916.868:WARNING:pe_image_reader.cc(340)] could not read dos header from C:\WINDOWS\System32\NSI.dll
[0904/150916.868:ERROR:process_memory_win.cc(73)] ReadMemory at 0x7fffb1b90000 of 64 bytes failed: Only part of a ReadProcessMemory or WriteProcessMemory request was completed. (0x12B)
[0904/150916.868:WARNING:pe_image_reader.cc(340)] could not read dos header from C:\WINDOWS\SYSTEM32\WINMMBASE.dll
[0904/150916.868:ERROR:process_memory_win.cc(73)] ReadMemory at 0x7fffb4d80000 of 64 bytes failed: Only part of a ReadProcessMemory or WriteProcessMemory request was completed. (0x12B)
[0904/150916.868:WARNING:pe_image_reader.cc(340)] could not read dos header from C:\WINDOWS\System32\cfgmgr32.dll
[0904/150916.868:ERROR:process_memory_win.cc(73)] ReadMemory at 0x7fffb0530000 of 64 bytes failed: Only part of a ReadProcessMemory or WriteProcessMemory request was completed. (0x12B)
[0904/150916.868:WARNING:pe_image_reader.cc(340)] could not read dos header from C:\WINDOWS\SYSTEM32\PROPSYS.dll
[0904/150916.868:ERROR:process_memory_win.cc(73)] ReadMemory at 0x7fffb4fb0000 of 64 bytes failed: Only part of a ReadProcessMemory or WriteProcessMemory request was completed. (0x12B)
[0904/150916.868:WARNING:pe_image_reader.cc(340)] could not read dos header from C:\WINDOWS\System32\shcore.dll
[0904/150916.868:ERROR:process_memory_win.cc(73)] ReadMemory at 0x7fffb3ac0000 of 64 bytes failed: Only part of a ReadProcessMemory or WriteProcessMemory request was completed. (0x12B)
[0904/150916.868:WARNING:pe_image_reader.cc(340)] could not read dos header from C:\WINDOWS\SYSTEM32\SSPICLI.DLL
[0904/150916.868:ERROR:process_memory_win.cc(73)] ReadMemory at 0x7fffb63e0000 of 64 bytes failed: Only part of a ReadProcessMemory or WriteProcessMemory request was completed. (0x12B)
[0904/150916.868:WARNING:pe_image_reader.cc(340)] could not read dos header from C:\WINDOWS\System32\SHELL32.dll
[0904/150916.868:ERROR:process_memory_win.cc(73)] ReadMemory at 0x7fffb3ec0000 of 64 bytes failed: Only part of a ReadProcessMemory or WriteProcessMemory request was completed. (0x12B)
[0904/150916.868:WARNING:pe_image_reader.cc(340)] could not read dos header from C:\WINDOWS\System32\windows.storage.dll
[0904/150916.868:ERROR:process_memory_win.cc(73)] ReadMemory at 0x7fffb3c00000 of 64 bytes failed: Only part of a ReadProcessMemory or WriteProcessMemory request was completed. (0x12B)
[0904/150916.868:WARNING:pe_image_reader.cc(340)] could not read dos header from C:\WINDOWS\System32\powrprof.dll
[0904/150916.868:ERROR:process_memory_win.cc(73)] ReadMemory at 0x7fffb3bd0000 of 64 bytes failed: Only part of a ReadProcessMemory or WriteProcessMemory request was completed. (0x12B)
[0904/150916.868:WARNING:pe_image_reader.cc(340)] could not read dos header from C:\WINDOWS\System32\UMPDC.dll
[0904/150916.868:ERROR:process_memory_win.cc(73)] ReadMemory at 0x7fffb4e70000 of 64 bytes failed: Only part of a ReadProcessMemory or WriteProcessMemory request was completed. (0x12B)
[0904/150916.869:WARNING:pe_image_reader.cc(340)] could not read dos header from C:\WINDOWS\System32\shlwapi.dll
[0904/150916.869:ERROR:process_memory_win.cc(73)] ReadMemory at 0x7fffb5650000 of 64 bytes failed: Only part of a ReadProcessMemory or WriteProcessMemory request was completed. (0x12B)
[0904/150916.869:WARNING:pe_image_reader.cc(340)] could not read dos header from C:\WINDOWS\System32\GDI32.dll
[0904/150916.869:ERROR:process_memory_win.cc(73)] ReadMemory at 0x7fffb4a20000 of 64 bytes failed: Only part of a ReadProcessMemory or WriteProcessMemory request was completed. (0x12B)
[0904/150916.869:WARNING:pe_image_reader.cc(340)] could not read dos header from C:\WINDOWS\System32\win32u.dll
[0904/150916.869:ERROR:process_memory_win.cc(73)] ReadMemory at 0x7fffb3d00000 of 64 bytes failed: Only part of a ReadProcessMemory or WriteProcessMemory request was completed. (0x12B)
[0904/150916.869:WARNING:pe_image_reader.cc(340)] could not read dos header from C:\WINDOWS\System32\gdi32full.dll
[0904/150916.869:ERROR:process_memory_win.cc(73)] ReadMemory at 0x7fffb6b40000 of 64 bytes failed: Only part of a ReadProcessMemory or WriteProcessMemory request was completed. (0x12B)
[0904/150916.869:WARNING:pe_image_reader.cc(340)] could not read dos header from C:\WINDOWS\System32\USER32.dll
[0904/150916.869:ERROR:process_memory_win.cc(73)] ReadMemory at 0x7fffb3ea0000 of 64 bytes failed: Only part of a ReadProcessMemory or WriteProcessMemory request was completed. (0x12B)
[0904/150916.869:WARNING:pe_image_reader.cc(340)] could not read dos header from C:\WINDOWS\System32\cryptsp.dll
[0904/150916.869:ERROR:process_memory_win.cc(73)] ReadMemory at 0x7fffb4e40000 of 64 bytes failed: Only part of a ReadProcessMemory or WriteProcessMemory request was completed. (0x12B)
[0904/150916.869:WARNING:pe_image_reader.cc(340)] could not read dos header from C:\WINDOWS\System32\IMM32.DLL
[0904/150916.869:ERROR:process_memory_win.cc(73)] ReadMemory at 0x7fffb3590000 of 64 bytes failed: Only part of a ReadProcessMemory or WriteProcessMemory request was completed. (0x12B)
[0904/150916.869:WARNING:pe_image_reader.cc(340)] could not read dos header from C:\WINDOWS\SYSTEM32\CRYPTBASE.DLL
[0904/150916.895:ERROR:process_memory_win.cc(73)] ReadMemory at 0xd7927e5000 of 110592 bytes failed: Only part of a ReadProcessMemory or WriteProcessMemory request was completed. (0x12B)
[0904/150916.895:ERROR:process_memory_win.cc(73)] ReadMemory at 0xd792ffd000 of 12288 bytes failed: Only part of a ReadProcessMemory or WriteProcessMemory request was completed. (0x12B)
[0904/150916.896:ERROR:process_memory_win.cc(73)] ReadMemory at 0xd7937f7000 of 36864 bytes failed: Only part of a ReadProcessMemory or WriteProcessMemory request was completed. (0x12B)
[0904/150916.896:ERROR:process_memory_win.cc(73)] ReadMemory at 0xd793ffc000 of 16384 bytes failed: Only part of a ReadProcessMemory or WriteProcessMemory request was completed. (0x12B)
[0904/150916.896:ERROR:process_memory_win.cc(73)] ReadMemory at 0xd7947fb000 of 20480 bytes failed: Only part of a ReadProcessMemory or WriteProcessMemory request was completed. (0x12B)
[0904/150916.896:ERROR:process_memory_win.cc(73)] ReadMemory at 0xd794ffe000 of 8192 bytes failed: Only part of a ReadProcessMemory or WriteProcessMemory request was completed. (0x12B)
[0904/150916.896:ERROR:process_memory_win.cc(73)] ReadMemory at 0xd7957fd000 of 12288 bytes failed: Only part of a ReadProcessMemory or WriteProcessMemory request was completed. (0x12B)
[0904/150916.896:ERROR:process_memory_win.cc(73)] ReadMemory at 0xd795ffb000 of 20480 bytes failed: Only part of a ReadProcessMemory or WriteProcessMemory request was completed. (0x12B)
[0904/150916.896:ERROR:process_memory_win.cc(73)] ReadMemory at 0xd796ffb000 of 20480 bytes failed: Only part of a ReadProcessMemory or WriteProcessMemory request was completed. (0x12B)
[0904/150916.896:ERROR:process_memory_win.cc(73)] ReadMemory at 0xd7977f6000 of 40960 bytes failed: Only part of a ReadProcessMemory or WriteProcessMemory request was completed. (0x12B)
[0904/150916.896:ERROR:process_memory_win.cc(73)] ReadMemory at 0xd797ff5000 of 45056 bytes failed: Only part of a ReadProcessMemory or WriteProcessMemory request was completed. (0x12B)
[0904/150916.896:ERROR:process_memory_win.cc(73)] ReadMemory at 0xd7987fd000 of 12288 bytes failed: Only part of a ReadProcessMemory or WriteProcessMemory request was completed. (0x12B)
[0904/150916.896:ERROR:process_memory_win.cc(73)] ReadMemory at 0xd798ff3000 of 53248 bytes failed: Only part of a ReadProcessMemory or WriteProcessMemory request was completed. (0x12B)
[0904/150916.897:ERROR:process_memory_win.cc(73)] ReadMemory at 0xd7997f5000 of 45056 bytes failed: Only part of a ReadProcessMemory or WriteProcessMemory request was completed. (0x12B)
[0904/150916.897:ERROR:process_memory_win.cc(73)] ReadMemory at 0xd799ff4000 of 49152 bytes failed: Only part of a ReadProcessMemory or WriteProcessMemory request was completed. (0x12B)
[0904/150916.897:ERROR:process_memory_win.cc(73)] ReadMemory at 0xd79a7f8000 of 32768 bytes failed: Only part of a ReadProcessMemory or WriteProcessMemory request was completed. (0x12B)
[0904/150916.897:ERROR:process_memory_win.cc(73)] ReadMemory at 0xd79aff7000 of 36864 bytes failed: Only part of a ReadProcessMemory or WriteProcessMemory request was completed. (0x12B)
[0904/150916.897:ERROR:process_memory_win.cc(73)] ReadMemory at 0xd79b7f1000 of 61440 bytes failed: Only part of a ReadProcessMemory or WriteProcessMemory request was completed. (0x12B)
[0904/150916.897:ERROR:process_memory_win.cc(73)] ReadMemory at 0xd79bfaf000 of 331776 bytes failed: Only part of a ReadProcessMemory or WriteProcessMemory request was completed. (0x12B)
[0904/150916.898:ERROR:process_memory_win.cc(73)] ReadMemory at 0xd79c7fc000 of 16384 bytes failed: Only part of a ReadProcessMemory or WriteProcessMemory request was completed. (0x12B)
[0904/150916.898:ERROR:process_memory_win.cc(73)] ReadMemory at 0xd79cffb000 of 20480 bytes failed: Only part of a ReadProcessMemory or WriteProcessMemory request was completed. (0x12B)
[0904/150916.898:ERROR:process_memory_win.cc(73)] ReadMemory at 0xd79d7fc000 of 16384 bytes failed: Only part of a ReadProcessMemory or WriteProcessMemory request was completed. (0x12B)
[0904/150916.898:ERROR:process_memory_win.cc(73)] ReadMemory at 0xd79d8fe000 of 8192 bytes failed: Only part of a ReadProcessMemory or WriteProcessMemory request was completed. (0x12B)
[0904/150916.898:ERROR:process_memory_win.cc(73)] ReadMemory at 0xd791d4e000 of 8192 bytes failed: Only part of a ReadProcessMemory or WriteProcessMemory request was completed. (0x12B)
[0904/150916.898:ERROR:process_memory_win.cc(73)] ReadMemory at 0xd791fbb000 of 852 bytes failed: Only part of a ReadProcessMemory or WriteProcessMemory request was completed. (0x12B)
[0904/150916.898:ERROR:process_memory_win.cc(73)] ReadMemory at 0xd791fbc000 of 6024 bytes failed: Only part of a ReadProcessMemory or WriteProcessMemory request was completed. (0x12B)
[0904/150916.898:ERROR:process_memory_win.cc(73)] ReadMemory at 0xd791fbe000 of 6024 bytes failed: Only part of a ReadProcessMemory or WriteProcessMemory request was completed. (0x12B)
[0904/150916.898:ERROR:process_memory_win.cc(73)] ReadMemory at 0xd791fc0000 of 6024 bytes failed: Only part of a ReadProcessMemory or WriteProcessMemory request was completed. (0x12B)
[0904/150916.898:ERROR:process_memory_win.cc(73)] ReadMemory at 0xd791fc2000 of 6024 bytes failed: Only part of a ReadProcessMemory or WriteProcessMemory request was completed. (0x12B)
[0904/150916.898:ERROR:process_memory_win.cc(73)] ReadMemory at 0xd791fc4000 of 6024 bytes failed: Only part of a ReadProcessMemory or WriteProcessMemory request was completed. (0x12B)
[0904/150916.899:ERROR:process_memory_win.cc(73)] ReadMemory at 0xd791fc6000 of 6024 bytes failed: Only part of a ReadProcessMemory or WriteProcessMemory request was completed. (0x12B)
[0904/150916.899:ERROR:process_memory_win.cc(73)] ReadMemory at 0xd791fc8000 of 6024 bytes failed: Only part of a ReadProcessMemory or WriteProcessMemory request was completed. (0x12B)
[0904/150916.899:ERROR:process_memory_win.cc(73)] ReadMemory at 0xd791fca000 of 6024 bytes failed: Only part of a ReadProcessMemory or WriteProcessMemory request was completed. (0x12B)
[0904/150916.899:ERROR:process_memory_win.cc(73)] ReadMemory at 0xd791fce000 of 6024 bytes failed: Only part of a ReadProcessMemory or WriteProcessMemory request was completed. (0x12B)
[0904/150916.899:ERROR:process_memory_win.cc(73)] ReadMemory at 0xd791fd0000 of 6024 bytes failed: Only part of a ReadProcessMemory or WriteProcessMemory request was completed. (0x12B)
[0904/150916.899:ERROR:process_memory_win.cc(73)] ReadMemory at 0xd791fd2000 of 6024 bytes failed: Only part of a ReadProcessMemory or WriteProcessMemory request was completed. (0x12B)
[0904/150916.900:ERROR:process_memory_win.cc(73)] ReadMemory at 0xd791fd4000 of 6024 bytes failed: Only part of a ReadProcessMemory or WriteProcessMemory request was completed. (0x12B)
[0904/150916.900:ERROR:process_memory_win.cc(73)] ReadMemory at 0xd791fd6000 of 6024 bytes failed: Only part of a ReadProcessMemory or WriteProcessMemory request was completed. (0x12B)
[0904/150916.900:ERROR:process_memory_win.cc(73)] ReadMemory at 0xd791fd8000 of 6024 bytes failed: Only part of a ReadProcessMemory or WriteProcessMemory request was completed. (0x12B)
[0904/150916.900:ERROR:process_memory_win.cc(73)] ReadMemory at 0xd791fda000 of 6024 bytes failed: Only part of a ReadProcessMemory or WriteProcessMemory request was completed. (0x12B)
[0904/150916.900:ERROR:process_memory_win.cc(73)] ReadMemory at 0xd791fdc000 of 6024 bytes failed: Only part of a ReadProcessMemory or WriteProcessMemory request was completed. (0x12B)
[0904/150916.901:ERROR:process_memory_win.cc(73)] ReadMemory at 0xd791fde000 of 6024 bytes failed: Only part of a ReadProcessMemory or WriteProcessMemory request was completed. (0x12B)
[0904/150916.901:ERROR:process_memory_win.cc(73)] ReadMemory at 0xd791fe0000 of 6024 bytes failed: Only part of a ReadProcessMemory or WriteProcessMemory request was completed. (0x12B)
[0904/150916.901:ERROR:process_memory_win.cc(73)] ReadMemory at 0xd791fe2000 of 6024 bytes failed: Only part of a ReadProcessMemory or WriteProcessMemory request was completed. (0x12B)
[0904/150916.901:ERROR:process_memory_win.cc(73)] ReadMemory at 0xd791fe4000 of 6024 bytes failed: Only part of a ReadProcessMemory or WriteProcessMemory request was completed. (0x12B)
[0904/150916.901:ERROR:process_memory_win.cc(73)] ReadMemory at 0xd791fe6000 of 6024 bytes failed: Only part of a ReadProcessMemory or WriteProcessMemory request was completed. (0x12B)
[0904/150916.901:ERROR:process_memory_win.cc(73)] ReadMemory at 0xd791fe8000 of 6024 bytes failed: Only part of a ReadProcessMemory or WriteProcessMemory request was completed. (0x12B)
[0904/150916.901:ERROR:process_memory_win.cc(73)] ReadMemory at 0xd791ff2000 of 6024 bytes failed: Only part of a ReadProcessMemory or WriteProcessMemory request was completed. (0x12B)
[0904/150916.901:ERROR:process_memory_win.cc(73)] ReadMemory at 0xd791ff4000 of 6024 bytes failed: Only part of a ReadProcessMemory or WriteProcessMemory request was completed. (0x12B)
[0904/150916.901:ERROR:process_memory_win.cc(73)] ReadMemory at 0x2aebd0a1cc0 of 512 bytes failed: Only part of a ReadProcessMemory or WriteProcessMemory request was completed. (0x12B)
[0904/150916.901:ERROR:process_memory_win.cc(73)] ReadMemory at 0x2aebd0a3340 of 512 bytes failed: Only part of a ReadProcessMemory or WriteProcessMemory request was completed. (0x12B)
[0904/150916.902:ERROR:process_memory_win.cc(73)] ReadMemory at 0x2aebd100fe0 of 7018 bytes failed: Only part of a ReadProcessMemory or WriteProcessMemory request was completed. (0x12B)
[0904/150916.902:ERROR:process_memory_win.cc(73)] ReadMemory at 0x2aebd102b60 of 1012 bytes failed: Only part of a ReadProcessMemory or WriteProcessMemory request was completed. (0x12B)
[0904/150916.902:ERROR:process_memory_win.cc(73)] ReadMemory at 0x2aebd1031a8 of 118 bytes failed: Only part of a ReadProcessMemory or WriteProcessMemory request was completed. (0x12B)
[0904/150916.902:ERROR:process_memory_win.cc(73)] ReadMemory at 0x2aebd103220 of 1190 bytes failed: Only part of a ReadProcessMemory or WriteProcessMemory request was completed. (0x12B)
[0904/150916.902:ERROR:process_memory_win.cc(73)] ReadMemory at 0x2aebd1036c8 of 118 bytes failed: Only part of a ReadProcessMemory or WriteProcessMemory request was completed. (0x12B)
[0904/150916.902:ERROR:process_memory_win.cc(73)] ReadMemory at 0x2aebd103740 of 96 bytes failed: Only part of a ReadProcessMemory or WriteProcessMemory request was completed. (0x12B)
[0904/150916.902:ERROR:process_memory_win.cc(73)] ReadMemory at 0x2aebd1037b0 of 58 bytes failed: Only part of a ReadProcessMemory or WriteProcessMemory request was completed. (0x12B)
[0904/150916.902:ERROR:process_memory_win.cc(73)] ReadMemory at 0x2aebd1038b0 of 132 bytes failed: Only part of a ReadProcessMemory or WriteProcessMemory request was completed. (0x12B)
[0904/150916.902:ERROR:process_memory_win.cc(73)] ReadMemory at 0x2aebd103a40 of 132 bytes failed: Only part of a ReadProcessMemory or WriteProcessMemory request was completed. (0x12B)
[0904/150916.902:ERROR:process_memory_win.cc(73)] ReadMemory at 0x2aebd103c00 of 126 bytes failed: Only part of a ReadProcessMemory or WriteProcessMemory request was completed. (0x12B)
[0904/150916.902:ERROR:process_memory_win.cc(73)] ReadMemory at 0x2aebd103fe0 of 132 bytes failed: Only part of a ReadProcessMemory or WriteProcessMemory request was completed. (0x12B)
[0904/150916.902:ERROR:process_memory_win.cc(73)] ReadMemory at 0x2aebd104170 of 64 bytes failed: Only part of a ReadProcessMemory or WriteProcessMemory request was completed. (0x12B)
[0904/150916.902:ERROR:process_memory_win.cc(73)] ReadMemory at 0x2aebd104330 of 132 bytes failed: Only part of a ReadProcessMemory or WriteProcessMemory request was completed. (0x12B)
[0904/150916.903:ERROR:process_memory_win.cc(73)] ReadMemory at 0x2aebd1045d0 of 132 bytes failed: Only part of a ReadProcessMemory or WriteProcessMemory request was completed. (0x12B)
[0904/150916.903:ERROR:process_memory_win.cc(73)] ReadMemory at 0x2aebd104760 of 68 bytes failed: Only part of a ReadProcessMemory or WriteProcessMemory request was completed. (0x12B)
[0904/150916.903:ERROR:process_memory_win.cc(73)] ReadMemory at 0x2aebd105900 of 132 bytes failed: Only part of a ReadProcessMemory or WriteProcessMemory request was completed. (0x12B)
[0904/150916.903:ERROR:process_memory_win.cc(73)] ReadMemory at 0x2aebd105a90 of 154 bytes failed: Only part of a ReadProcessMemory or WriteProcessMemory request was completed. (0x12B)
[0904/150916.903:ERROR:process_memory_win.cc(73)] ReadMemory at 0x2aebd106970 of 132 bytes failed: Only part of a ReadProcessMemory or WriteProcessMemory request was completed. (0x12B)
[0904/150916.903:ERROR:process_memory_win.cc(73)] ReadMemory at 0x2aebd107eb0 of 60 bytes failed: Only part of a ReadProcessMemory or WriteProcessMemory request was completed. (0x12B)
[0904/150916.903:ERROR:process_memory_win.cc(73)] ReadMemory at 0x2aebd107f00 of 62 bytes failed: Only part of a ReadProcessMemory or WriteProcessMemory request was completed. (0x12B)
[0904/150916.903:ERROR:process_memory_win.cc(73)] ReadMemory at 0x2aebd10c460 of 54 bytes failed: Only part of a ReadProcessMemory or WriteProcessMemory request was completed. (0x12B)
[0904/150916.903:ERROR:process_memory_win.cc(73)] ReadMemory at 0x2aebd110480 of 62 bytes failed: Only part of a ReadProcessMemory or WriteProcessMemory request was completed. (0x12B)
[0904/150916.903:ERROR:process_memory_win.cc(73)] ReadMemory at 0x2aebd110d70 of 80 bytes failed: Only part of a ReadProcessMemory or WriteProcessMemory request was completed. (0x12B)
[0904/150916.903:ERROR:process_memory_win.cc(73)] ReadMemory at 0x2aebd1155e0 of 132 bytes failed: Only part of a ReadProcessMemory or WriteProcessMemory request was completed. (0x12B)
[0904/150916.903:ERROR:process_memory_win.cc(73)] ReadMemory at 0x2aebd117d20 of 132 bytes failed: Only part of a ReadProcessMemory or WriteProcessMemory request was completed. (0x12B)
[0904/150916.903:ERROR:process_memory_win.cc(73)] ReadMemory at 0x2aebd118040 of 132 bytes failed: Only part of a ReadProcessMemory or WriteProcessMemory request was completed. (0x12B)
[0904/150916.904:ERROR:process_memory_win.cc(73)] ReadMemory at 0x2aebd118260 of 132 bytes failed: Only part of a ReadProcessMemory or WriteProcessMemory request was completed. (0x12B)
[0904/150916.904:ERROR:process_memory_win.cc(73)] ReadMemory at 0x2aebd1185c0 of 132 bytes failed: Only part of a ReadProcessMemory or WriteProcessMemory request was completed. (0x12B)
[0904/150916.904:ERROR:process_memory_win.cc(73)] ReadMemory at 0x2aebd1187d0 of 132 bytes failed: Only part of a ReadProcessMemory or WriteProcessMemory request was completed. (0x12B)
[0904/150916.904:ERROR:process_memory_win.cc(73)] ReadMemory at 0x2aebd118b00 of 132 bytes failed: Only part of a ReadProcessMemory or WriteProcessMemory request was completed. (0x12B)
[0904/150916.904:ERROR:process_memory_win.cc(73)] ReadMemory at 0x2aebd118c30 of 132 bytes failed: Only part of a ReadProcessMemory or WriteProcessMemory request was completed. (0x12B)
[0904/150916.904:ERROR:process_memory_win.cc(73)] ReadMemory at 0x2aebd118e90 of 132 bytes failed: Only part of a ReadProcessMemory or WriteProcessMemory request was completed. (0x12B)
[0904/150916.904:ERROR:process_memory_win.cc(73)] ReadMemory at 0x2aebd118fc0 of 132 bytes failed: Only part of a ReadProcessMemory or WriteProcessMemory request was completed. (0x12B)
[0904/150916.904:ERROR:process_memory_win.cc(73)] ReadMemory at 0x2aebd1190f0 of 132 bytes failed: Only part of a ReadProcessMemory or WriteProcessMemory request was completed. (0x12B)
[0904/150916.904:ERROR:process_memory_win.cc(73)] ReadMemory at 0x2aebd119220 of 132 bytes failed: Only part of a ReadProcessMemory or WriteProcessMemory request was completed. (0x12B)
[0904/150916.904:ERROR:process_memory_win.cc(73)] ReadMemory at 0x2aebd119350 of 132 bytes failed: Only part of a ReadProcessMemory or WriteProcessMemory request was completed. (0x12B)
[0904/150916.904:ERROR:process_memory_win.cc(73)] ReadMemory at 0x2aebd119480 of 132 bytes failed: Only part of a ReadProcessMemory or WriteProcessMemory request was completed. (0x12B)
[0904/150916.904:ERROR:process_memory_win.cc(73)] ReadMemory at 0x2aebd1195b0 of 132 bytes failed: Only part of a ReadProcessMemory or WriteProcessMemory request was completed. (0x12B)
[0904/150916.904:ERROR:process_memory_win.cc(73)] ReadMemory at 0x2aebd1196e0 of 132 bytes failed: Only part of a ReadProcessMemory or WriteProcessMemory request was completed. (0x12B)
[0904/150916.904:ERROR:process_memory_win.cc(73)] ReadMemory at 0x2aebd119810 of 132 bytes failed: Only part of a ReadProcessMemory or WriteProcessMemory request was completed. (0x12B)
[0904/150916.905:ERROR:process_memory_win.cc(73)] ReadMemory at 0x2aebd119940 of 132 bytes failed: Only part of a ReadProcessMemory or WriteProcessMemory request was completed. (0x12B)
[0904/150916.905:ERROR:process_memory_win.cc(73)] ReadMemory at 0x2aebd11a930 of 132 bytes failed: Only part of a ReadProcessMemory or WriteProcessMemory request was completed. (0x12B)
[0904/150916.905:ERROR:process_memory_win.cc(73)] ReadMemory at 0x2aebd11aa60 of 146 bytes failed: Only part of a ReadProcessMemory or WriteProcessMemory request was completed. (0x12B)
[0904/150916.905:ERROR:process_memory_win.cc(73)] ReadMemory at 0x2aebd11af70 of 132 bytes failed: Only part of a ReadProcessMemory or WriteProcessMemory request was completed. (0x12B)
[0904/150916.905:ERROR:process_memory_win.cc(73)] ReadMemory at 0x2aebd11b960 of 132 bytes failed: Only part of a ReadProcessMemory or WriteProcessMemory request was completed. (0x12B)
[0904/150916.905:ERROR:process_memory_win.cc(73)] ReadMemory at 0x2aebd11ba90 of 132 bytes failed: Only part of a ReadProcessMemory or WriteProcessMemory request was completed. (0x12B)
[0904/150916.905:ERROR:process_memory_win.cc(73)] ReadMemory at 0x2aebd11c070 of 60 bytes failed: Only part of a ReadProcessMemory or WriteProcessMemory request was completed. (0x12B)
[0904/150916.905:ERROR:process_memory_win.cc(73)] ReadMemory at 0x2aebd11c0c0 of 64 bytes failed: Only part of a ReadProcessMemory or WriteProcessMemory request was completed. (0x12B)
[0904/150916.905:ERROR:process_memory_win.cc(73)] ReadMemory at 0x2aebd11c1b0 of 60 bytes failed: Only part of a ReadProcessMemory or WriteProcessMemory request was completed. (0x12B)
[0904/150916.905:ERROR:process_memory_win.cc(73)] ReadMemory at 0x2aebd11c250 of 66 bytes failed: Only part of a ReadProcessMemory or WriteProcessMemory request was completed. (0x12B)
[0904/150916.905:ERROR:process_memory_win.cc(73)] ReadMemory at 0x2aebd11c2a0 of 64 bytes failed: Only part of a ReadProcessMemory or WriteProcessMemory request was completed. (0x12B)
[0904/150916.905:ERROR:process_memory_win.cc(73)] ReadMemory at 0x2aebd11c430 of 62 bytes failed: Only part of a ReadProcessMemory or WriteProcessMemory request was completed. (0x12B)
[0904/150916.905:ERROR:process_memory_win.cc(73)] ReadMemory at 0x2aebd11c480 of 62 bytes failed: Only part of a ReadProcessMemory or WriteProcessMemory request was completed. (0x12B)
[0904/150916.905:ERROR:process_memory_win.cc(73)] ReadMemory at 0x2aebd11c570 of 62 bytes failed: Only part of a ReadProcessMemory or WriteProcessMemory request was completed. (0x12B)
[0904/150916.906:ERROR:process_memory_win.cc(73)] ReadMemory at 0x2aebd11c5c0 of 62 bytes failed: Only part of a ReadProcessMemory or WriteProcessMemory request was completed. (0x12B)
[0904/150916.906:ERROR:process_memory_win.cc(73)] ReadMemory at 0x2aebd11c610 of 60 bytes failed: Only part of a ReadProcessMemory or WriteProcessMemory request was completed. (0x12B)
[0904/150916.906:ERROR:process_memory_win.cc(73)] ReadMemory at 0x2aebd11c6b0 of 62 bytes failed: Only part of a ReadProcessMemory or WriteProcessMemory request was completed. (0x12B)
[0904/150916.906:ERROR:process_memory_win.cc(73)] ReadMemory at 0x2aebd11c750 of 60 bytes failed: Only part of a ReadProcessMemory or WriteProcessMemory request was completed. (0x12B)
[0904/150916.906:ERROR:process_memory_win.cc(73)] ReadMemory at 0x2aebd11c7a0 of 60 bytes failed: Only part of a ReadProcessMemory or WriteProcessMemory request was completed. (0x12B)
[0904/150916.906:ERROR:process_memory_win.cc(73)] ReadMemory at 0x2aebd11c840 of 66 bytes failed: Only part of a ReadProcessMemory or WriteProcessMemory request was completed. (0x12B)
[0904/150916.906:ERROR:process_memory_win.cc(73)] ReadMemory at 0x2aebd11c890 of 62 bytes failed: Only part of a ReadProcessMemory or WriteProcessMemory request was completed. (0x12B)
[0904/150916.906:ERROR:process_memory_win.cc(73)] ReadMemory at 0x2aebd11cac0 of 62 bytes failed: Only part of a ReadProcessMemory or WriteProcessMemory request was completed. (0x12B)
[0904/150916.906:ERROR:process_memory_win.cc(73)] ReadMemory at 0x2aebd11cb10 of 62 bytes failed: Only part of a ReadProcessMemory or WriteProcessMemory request was completed. (0x12B)
[0904/150916.906:ERROR:process_memory_win.cc(73)] ReadMemory at 0x2aebd11cb60 of 64 bytes failed: Only part of a ReadProcessMemory or WriteProcessMemory request was completed. (0x12B)
[0904/150916.907:ERROR:process_memory_win.cc(73)] ReadMemory at 0x2aebd11cbb0 of 64 bytes failed: Only part of a ReadProcessMemory or WriteProcessMemory request was completed. (0x12B)
[0904/150916.907:ERROR:process_memory_win.cc(73)] ReadMemory at 0x2aebd11cc00 of 60 bytes failed: Only part of a ReadProcessMemory or WriteProcessMemory request was completed. (0x12B)
[0904/150916.907:ERROR:process_memory_win.cc(73)] ReadMemory at 0x2aebd11cc50 of 64 bytes failed: Only part of a ReadProcessMemory or WriteProcessMemory request was completed. (0x12B)
[0904/150916.907:ERROR:process_memory_win.cc(73)] ReadMemory at 0x2aebd11cca0 of 64 bytes failed: Only part of a ReadProcessMemory or WriteProcessMemory request was completed. (0x12B)
[0904/150916.907:ERROR:process_memory_win.cc(73)] ReadMemory at 0x2aebd11ccf0 of 62 bytes failed: Only part of a ReadProcessMemory or WriteProcessMemory request was completed. (0x12B)
[0904/150916.907:ERROR:process_memory_win.cc(73)] ReadMemory at 0x2aebd11cde0 of 64 bytes failed: Only part of a ReadProcessMemory or WriteProcessMemory request was completed. (0x12B)
[0904/150916.907:ERROR:process_memory_win.cc(73)] ReadMemory at 0x2aebd11ce80 of 64 bytes failed: Only part of a ReadProcessMemory or WriteProcessMemory request was completed. (0x12B)
[0904/150916.907:ERROR:process_memory_win.cc(73)] ReadMemory at 0x2aebd11cf20 of 58 bytes failed: Only part of a ReadProcessMemory or WriteProcessMemory request was completed. (0x12B)
[0904/150916.907:ERROR:process_memory_win.cc(73)] ReadMemory at 0x2aebd122fb0 of 80 bytes failed: Only part of a ReadProcessMemory or WriteProcessMemory request was completed. (0x12B)
[0904/150916.907:ERROR:process_memory_win.cc(73)] ReadMemory at 0x2aebd1233d0 of 76 bytes failed: Only part of a ReadProcessMemory or WriteProcessMemory request was completed. (0x12B)
[0904/150916.907:ERROR:process_memory_win.cc(73)] ReadMemory at 0x2aebd123a90 of 132 bytes failed: Only part of a ReadProcessMemory or WriteProcessMemory request was completed. (0x12B)
[0904/150916.907:ERROR:process_memory_win.cc(73)] ReadMemory at 0x2aebd123bc0 of 132 bytes failed: Only part of a ReadProcessMemory or WriteProcessMemory request was completed. (0x12B)
[0904/150916.907:ERROR:process_memory_win.cc(73)] ReadMemory at 0x2aebd123cf0 of 132 bytes failed: Only part of a ReadProcessMemory or WriteProcessMemory request was completed. (0x12B)
[0904/150916.908:ERROR:process_memory_win.cc(73)] ReadMemory at 0x2aebd123e20 of 132 bytes failed: Only part of a ReadProcessMemory or WriteProcessMemory request was completed. (0x12B)
[0904/150916.908:ERROR:process_memory_win.cc(73)] ReadMemory at 0x2aebd123f50 of 132 bytes failed: Only part of a ReadProcessMemory or WriteProcessMemory request was completed. (0x12B)
[0904/150916.908:ERROR:process_memory_win.cc(73)] ReadMemory at 0x2aebd1242e0 of 132 bytes failed: Only part of a ReadProcessMemory or WriteProcessMemory request was completed. (0x12B)
[0904/150916.908:ERROR:process_memory_win.cc(73)] ReadMemory at 0x2aebd124410 of 132 bytes failed: Only part of a ReadProcessMemory or WriteProcessMemory request was completed. (0x12B)
[0904/150916.908:ERROR:process_memory_win.cc(73)] ReadMemory at 0x2aebd124540 of 132 bytes failed: Only part of a ReadProcessMemory or WriteProcessMemory request was completed. (0x12B)
[0904/150916.908:ERROR:process_memory_win.cc(73)] ReadMemory at 0x2aebd124670 of 132 bytes failed: Only part of a ReadProcessMemory or WriteProcessMemory request was completed. (0x12B)
[0904/150916.908:ERROR:process_memory_win.cc(73)] ReadMemory at 0x2aebd1247a0 of 132 bytes failed: Only part of a ReadProcessMemory or WriteProcessMemory request was completed. (0x12B)
[0904/150916.908:ERROR:process_memory_win.cc(73)] ReadMemory at 0x2aebd1248d0 of 132 bytes failed: Only part of a ReadProcessMemory or WriteProcessMemory request was completed. (0x12B)
[0904/150916.908:ERROR:process_memory_win.cc(73)] ReadMemory at 0x2aebd124a00 of 132 bytes failed: Only part of a ReadProcessMemory or WriteProcessMemory request was completed. (0x12B)
[0904/150916.908:ERROR:process_memory_win.cc(73)] ReadMemory at 0x2aebd124d90 of 132 bytes failed: Only part of a ReadProcessMemory or WriteProcessMemory request was completed. (0x12B)
[0904/150916.908:ERROR:process_memory_win.cc(73)] ReadMemory at 0x2aebd124ec0 of 132 bytes failed: Only part of a ReadProcessMemory or WriteProcessMemory request was completed. (0x12B)
[0904/150916.908:ERROR:process_memory_win.cc(73)] ReadMemory at 0x2aebd124ff0 of 132 bytes failed: Only part of a ReadProcessMemory or WriteProcessMemory request was completed. (0x12B)
[0904/150916.908:ERROR:process_memory_win.cc(73)] ReadMemory at 0x2aebd125250 of 132 bytes failed: Only part of a ReadProcessMemory or WriteProcessMemory request was completed. (0x12B)
[0904/150916.908:ERROR:process_memory_win.cc(73)] ReadMemory at 0x2aebd125380 of 132 bytes failed: Only part of a ReadProcessMemory or WriteProcessMemory request was completed. (0x12B)
[0904/150916.909:ERROR:process_memory_win.cc(73)] ReadMemory at 0x2aebd1254b0 of 132 bytes failed: Only part of a ReadProcessMemory or WriteProcessMemory request was completed. (0x12B)
[0904/150916.909:ERROR:process_memory_win.cc(73)] ReadMemory at 0x2aebd1255e0 of 132 bytes failed: Only part of a ReadProcessMemory or WriteProcessMemory request was completed. (0x12B)
[0904/150916.909:ERROR:process_memory_win.cc(73)] ReadMemory at 0x2aebd125710 of 132 bytes failed: Only part of a ReadProcessMemory or WriteProcessMemory request was completed. (0x12B)
[0904/150916.909:ERROR:process_memory_win.cc(73)] ReadMemory at 0x2aebd125840 of 132 bytes failed: Only part of a ReadProcessMemory or WriteProcessMemory request was completed. (0x12B)
[0904/150916.909:ERROR:process_memory_win.cc(73)] ReadMemory at 0x2aebd126960 of 78 bytes failed: Only part of a ReadProcessMemory or WriteProcessMemory request was completed. (0x12B)
[0904/150916.909:ERROR:process_memory_win.cc(73)] ReadMemory at 0x2aebd148290 of 64 bytes failed: Only part of a ReadProcessMemory or WriteProcessMemory request was completed. (0x12B)
[0904/150916.909:ERROR:process_memory_win.cc(73)] ReadMemory at 0x2aebd1482e0 of 66 bytes failed: Only part of a ReadProcessMemory or WriteProcessMemory request was completed. (0x12B)
[0904/150916.909:ERROR:process_memory_win.cc(73)] ReadMemory at 0x2aebd148560 of 58 bytes failed: Only part of a ReadProcessMemory or WriteProcessMemory request was completed. (0x12B)
[0904/150916.909:ERROR:process_memory_win.cc(73)] ReadMemory at 0x2aebd148600 of 62 bytes failed: Only part of a ReadProcessMemory or WriteProcessMemory request was completed. (0x12B)
[0904/150916.909:ERROR:process_memory_win.cc(73)] ReadMemory at 0x2aebd1488d0 of 60 bytes failed: Only part of a ReadProcessMemory or WriteProcessMemory request was completed. (0x12B)
[0904/150916.909:ERROR:process_memory_win.cc(73)] ReadMemory at 0x2aebd148920 of 58 bytes failed: Only part of a ReadProcessMemory or WriteProcessMemory request was completed. (0x12B)
[0904/150916.909:ERROR:process_memory_win.cc(73)] ReadMemory at 0x2aebd148ba0 of 60 bytes failed: Only part of a ReadProcessMemory or WriteProcessMemory request was completed. (0x12B)
[0904/150916.909:ERROR:process_memory_win.cc(73)] ReadMemory at 0x2aebd148bf0 of 62 bytes failed: Only part of a ReadProcessMemory or WriteProcessMemory request was completed. (0x12B)
[0904/150916.909:ERROR:process_memory_win.cc(73)] ReadMemory at 0x2aebd148c40 of 62 bytes failed: Only part of a ReadProcessMemory or WriteProcessMemory request was completed. (0x12B)
[0904/150916.909:ERROR:process_memory_win.cc(73)] ReadMemory at 0x2aebd148d80 of 58 bytes failed: Only part of a ReadProcessMemory or WriteProcessMemory request was completed. (0x12B)
[0904/150916.910:ERROR:process_memory_win.cc(73)] ReadMemory at 0x2aebd16daa0 of 512 bytes failed: Only part of a ReadProcessMemory or WriteProcessMemory request was completed. (0x12B)
[0904/150916.910:ERROR:process_memory_win.cc(73)] ReadMemory at 0x2aebd183b80 of 512 bytes failed: Only part of a ReadProcessMemory or WriteProcessMemory request was completed. (0x12B)
[0904/150916.910:ERROR:process_memory_win.cc(73)] ReadMemory at 0x2aebd1841a8 of 512 bytes failed: Only part of a ReadProcessMemory or WriteProcessMemory request was completed. (0x12B)
[0904/150916.910:ERROR:process_memory_win.cc(73)] ReadMemory at 0x2aebd194f10 of 512 bytes failed: Only part of a ReadProcessMemory or WriteProcessMemory request was completed. (0x12B)
[0904/150916.910:ERROR:process_memory_win.cc(73)] ReadMemory at 0x2aebd196460 of 512 bytes failed: Only part of a ReadProcessMemory or WriteProcessMemory request was completed. (0x12B)
[0904/150916.910:ERROR:process_memory_win.cc(73)] ReadMemory at 0x2aebd1a1b40 of 712 bytes failed: Only part of a ReadProcessMemory or WriteProcessMemory request was completed. (0x12B)
[0904/150916.910:ERROR:process_memory_win.cc(73)] ReadMemory at 0x2aebd1bf1d0 of 512 bytes failed: Only part of a ReadProcessMemory or WriteProcessMemory request was completed. (0x12B)
[0904/150916.910:ERROR:process_memory_win.cc(73)] ReadMemory at 0x2aebebbff80 of 512 bytes failed: Only part of a ReadProcessMemory or WriteProcessMemory request was completed. (0x12B)
[0904/150916.910:ERROR:process_memory_win.cc(73)] ReadMemory at 0x2aebed22720 of 512 bytes failed: Only part of a ReadProcessMemory or WriteProcessMemory request was completed. (0x12B)
[0904/150916.910:ERROR:process_memory_win.cc(73)] ReadMemory at 0x2aebed66700 of 512 bytes failed: Only part of a ReadProcessMemory or WriteProcessMemory request was completed. (0x12B)
[0904/150916.910:ERROR:process_memory_win.cc(73)] ReadMemory at 0x2aebee8e8f0 of 512 bytes failed: Only part of a ReadProcessMemory or WriteProcessMemory request was completed. (0x12B)
[0904/150916.910:ERROR:process_memory_win.cc(73)] ReadMemory at 0x2aebf7d6370 of 512 bytes failed: Only part of a ReadProcessMemory or WriteProcessMemory request was completed. (0x12B)
[0904/150916.910:ERROR:process_memory_win.cc(73)] ReadMemory at 0x2aec00bca58 of 512 bytes failed: Only part of a ReadProcessMemory or WriteProcessMemory request was completed. (0x12B)
[0904/150916.910:ERROR:process_memory_win.cc(73)] ReadMemory at 0x2aec1038000 of 980 bytes failed: Only part of a ReadProcessMemory or WriteProcessMemory request was completed. (0x12B)
[0904/150916.911:ERROR:process_memory_win.cc(73)] ReadMemory at 0x2aec1933220 of 512 bytes failed: Only part of a ReadProcessMemory or WriteProcessMemory request was completed. (0x12B)
[0904/150916.911:ERROR:process_memory_win.cc(73)] ReadMemory at 0x2aec1933630 of 512 bytes failed: Only part of a ReadProcessMemory or WriteProcessMemory request was completed. (0x12B)
[0904/150916.911:ERROR:process_memory_win.cc(73)] ReadMemory at 0x2aec20d2408 of 512 bytes failed: Only part of a ReadProcessMemory or WriteProcessMemory request was completed. (0x12B)
[0904/150916.911:ERROR:process_memory_win.cc(73)] ReadMemory at 0x2aec36c3b00 of 512 bytes failed: Only part of a ReadProcessMemory or WriteProcessMemory request was completed. (0x12B)
[0904/150916.911:ERROR:process_memory_win.cc(73)] ReadMemory at 0x2aec6560160 of 512 bytes failed: Only part of a ReadProcessMemory or WriteProcessMemory request was completed. (0x12B)
[0904/150916.911:ERROR:process_memory_win.cc(73)] ReadMemory at 0x2aec6563d90 of 512 bytes failed: Only part of a ReadProcessMemory or WriteProcessMemory request was completed. (0x12B)
[0904/150916.911:ERROR:process_memory_win.cc(73)] ReadMemory at 0xc37ba2bc3f8 of 512 bytes failed: Only part of a ReadProcessMemory or WriteProcessMemory request was completed. (0x12B)
[0904/150916.911:ERROR:process_memory_win.cc(73)] ReadMemory at 0x10e347644b18 of 512 bytes failed: Only part of a ReadProcessMemory or WriteProcessMemory request was completed. (0x12B)
[0904/150916.911:ERROR:process_memory_win.cc(73)] ReadMemory at 0x10e34764519c of 512 bytes failed: Only part of a ReadProcessMemory or WriteProcessMemory request was completed. (0x12B)
[0904/150916.911:ERROR:process_memory_win.cc(73)] ReadMemory at 0x78c00000a000 of 512 bytes failed: Only part of a ReadProcessMemory or WriteProcessMemory request was completed. (0x12B)
[0904/150916.911:ERROR:process_memory_win.cc(73)] ReadMemory at 0x7fff7395ddce of 512 bytes failed: Only part of a ReadProcessMemory or WriteProcessMemory request was completed. (0x12B)
[0904/150916.911:ERROR:process_memory_win.cc(73)] ReadMemory at 0x7fff78028978 of 512 bytes failed: Only part of a ReadProcessMemory or WriteProcessMemory request was completed. (0x12B)
[0904/150916.911:ERROR:process_memory_win.cc(73)] ReadMemory at 0x7fff78b059cf of 512 bytes failed: Only part of a ReadProcessMemory or WriteProcessMemory request was completed. (0x12B)
[0904/150916.911:ERROR:process_memory_win.cc(73)] ReadMemory at 0x7fff78b6a780 of 512 bytes failed: Only part of a ReadProcessMemory or WriteProcessMemory request was completed. (0x12B)
[0904/150916.911:ERROR:process_memory_win.cc(73)] ReadMemory at 0x7fff78c6c188 of 512 bytes failed: Only part of a ReadProcessMemory or WriteProcessMemory request was completed. (0x12B)
[0904/150916.912:ERROR:process_memory_win.cc(73)] ReadMemory at 0x7fff78c89f78 of 512 bytes failed: Only part of a ReadProcessMemory or WriteProcessMemory request was completed. (0x12B)
[0904/150916.912:ERROR:process_memory_win.cc(73)] ReadMemory at 0x7fffb4d3c6d0 of 512 bytes failed: Only part of a ReadProcessMemory or WriteProcessMemory request was completed. (0x12B)
[0904/150916.912:ERROR:process_memory_win.cc(73)] ReadMemory at 0x7fffb6dbc074 of 1344 bytes failed: Only part of a ReadProcessMemory or WriteProcessMemory request was completed. (0x12B)
[0904/150916.912:ERROR:process_memory_win.cc(73)] ReadMemory at 0x7fffb6dbcb44 of 512 bytes failed: Only part of a ReadProcessMemory or WriteProcessMemory request was completed. (0x12B)
[0904/150916.912:ERROR:process_memory_win.cc(73)] ReadMemory at 0x7fffb6dbf924 of 608 bytes failed: Only part of a ReadProcessMemory or WriteProcessMemory request was completed. (0x12B)
[0904/150916.912:ERROR:process_memory_win.cc(73)] ReadMemory at 0x7fffb6e4c428 of 18 bytes failed: Only part of a ReadProcessMemory or WriteProcessMemory request was completed. (0x12B)
[0904/150916.912:ERROR:process_memory_win.cc(73)] ReadMemory at 0x7fffb6e7f4f8 of 40 bytes failed: Only part of a ReadProcessMemory or WriteProcessMemory request was completed. (0x12B)
[0904/150916.912:ERROR:process_memory_win.cc(73)] ReadMemory at 0x7fffb6e7f978 of 48 bytes failed: Only part of a ReadProcessMemory or WriteProcessMemory request was completed. (0x12B)
[0904/150916.912:ERROR:process_memory_win.cc(73)] ReadMemory at 0x7fffb6e853c0 of 64 bytes failed: Only part of a ReadProcessMemory or WriteProcessMemory request was completed. (0x12B)
[0904/150916.914:ERROR:scoped_process_suspend.cc(40)] NtResumeProcess: An attempt was made to access an exiting process. (0xc000010a)
